<?xml version="1.0" encoding="UTF-8"?>
<testng-results skipped="0" failed="0" ignored="0" total="1" passed="1">
  <reporter-output>
  </reporter-output>
  <suite name="BDD automation api Test Suite" duration-ms="6246" started-at="2020-10-31T11:09:52Z" finished-at="2020-10-31T11:09:58Z">
    <groups>
      <group name="cucumber">
        <method signature="CommonTestBase.feature(cucumber.api.testng.CucumberFeatureWrapper)[pri:0, instance:com.adidas.petstore.runner.CommonRunner@100fc185]" name="feature" class="com.adidas.petstore.commonutils.CommonTestBase"/>
      </group> <!-- cucumber -->
    </groups>
    <test name="inapi" duration-ms="6246" started-at="2020-10-31T11:09:52Z" finished-at="2020-10-31T11:09:58Z">
      <class name="com.adidas.petstore.runner.CommonRunner">
        <test-method status="PASS" signature="setUpClass()[pri:0, instance:com.adidas.petstore.runner.CommonRunner@100fc185]" name="setUpClass" is-config="true" duration-ms="201" started-at="2020-10-31T11:09:51Z" finished-at="2020-10-31T11:09:52Z">
          <reporter-output>
          </reporter-output>
        </test-method> <!-- setUpClass -->
        <test-method status="PASS" signature="feature(cucumber.api.testng.CucumberFeatureWrapper)[pri:0, instance:com.adidas.petstore.runner.CommonRunner@100fc185]" name="feature" duration-ms="6143" started-at="2020-10-31T11:09:52Z" description="Runs Cucumber Feature" data-provider="features" finished-at="2020-10-31T11:09:58Z">
          <params>
            <param index="0">
              <value>
                <![CDATA[petStore:]]>
              </value>
            </param>
          </params>
          <reporter-output>
          </reporter-output>
        </test-method> <!-- feature -->
        <test-method status="PASS" signature="tearDownClass()[pri:0, instance:com.adidas.petstore.runner.CommonRunner@100fc185]" name="tearDownClass" is-config="true" duration-ms="11" started-at="2020-10-31T11:10:03Z" finished-at="2020-10-31T11:10:03Z">
          <reporter-output>
          </reporter-output>
        </test-method> <!-- tearDownClass -->
      </class> <!-- com.adidas.petstore.runner.CommonRunner -->
    </test> <!-- inapi -->
  </suite> <!-- BDD automation api Test Suite -->
</testng-results>
